Content-Type: multipart/alternative;
 boundary="===============3972844875224835852=="
MIME-Version: 1.0
Subject: Password reset on 127.0.0.1:8000
From: webmaster@localhost
To: jimmy@gmail.com
Date: Mon, 01 Apr 2024 18:18:56 -0000
Message-ID: <171199553689.15208.12923574727517520525@DESKTOP-L281GT9>

--===============3972844875224835852==
Content-Type: text/plain; charset="utf-8"
MIME-Version: 1.0
Content-Transfer-Encoding: 8bit


You're receiving this email because you requested a password reset for your user account at 127.0.0.1:8000.

Please go to the following page and choose a new password:

http://127.0.0.1:8000/users/reset/MQ/c4tpvk-46b4171a0790d8ea326fdb5762895ea5/

Your username, in case you’ve forgotten: jimmy

Thanks for using our site!

The 127.0.0.1:8000 team



--===============3972844875224835852==
Content-Type: text/html; charset="utf-8"
MIME-Version: 1.0
Content-Transfer-Encoding: 7bit

<p>Hello</p>

<p>You're receiving this email because you requested a password reset for your user account at 127.0.0.1:8000/</p>

<p>Please click the following link to reset your password:</p>

http://127.0.0.1:8000/users/reset/MQ/c4tpvk-46b4171a0790d8ea326fdb5762895ea5/

<p>Thanks</p>
<p>ALEX the ADMIN</p>

--===============3972844875224835852==--

-------------------------------------------------------------------------------
