Content-Type: multipart/alternative;
 boundary="===============4986268057968071896=="
MIME-Version: 1.0
Subject: Password reset on 127.0.0.1:8000
From: webmaster@localhost
To: jon@gmail.com
Date: Tue, 05 Mar 2024 07:52:03 -0000
Message-ID: <170962512374.20604.14096058693697779349@DESKTOP-L281GT9>

--===============4986268057968071896==
Content-Type: text/plain; charset="utf-8"
MIME-Version: 1.0
Content-Transfer-Encoding: 8bit


You're receiving this email because you requested a password reset for your user account at 127.0.0.1:8000.

Please go to the following page and choose a new password:

http://127.0.0.1:8000/users/reset/MQ/c3ewur-f4dad92574bb9d4f3e9e9b420db829ed/

Your username, in case you’ve forgotten: jon

Thanks for using our site!

The 127.0.0.1:8000 team



--===============4986268057968071896==
Content-Type: text/html; charset="utf-8"
MIME-Version: 1.0
Content-Transfer-Encoding: 7bit

<p>Hello</p>

<p>You're receiving this email because you requested a password reset for your user account at 127.0.0.1:8000/</p>

<p>Please click the following link to reset your password:</p>

http://127.0.0.1:8000/users/reset/MQ/c3ewur-f4dad92574bb9d4f3e9e9b420db829ed/

<p>Thanks</p>
<p>ALEX the ADMIN</p>

--===============4986268057968071896==--

-------------------------------------------------------------------------------
